<?xml version="1.0" encoding="UTF-8"?>
<!-- Generated by org.testng.reporters.JUnitXMLReporter -->
<testsuite hostname="SuryaPC" ignored="10" name="firefox test" tests="3" failures="0" timestamp="09 Jun 2019 03:11:21 GMT" time="28.345" errors="0">
  <testcase name="loginTest" time="2.45" classname="in.srssprojects.keximbank.TestExecution"/>
  <testcase name="roleCreationCancel" time="2.464" classname="in.srssprojects.keximbank.TestExecution"/>
  <testcase name="employeeCreationCancel" time="3.67" classname="in.srssprojects.keximbank.TestExecution"/>
  <testcase name="employeeCreationWithValidData" time="0.0" classname="in.srssprojects.keximbank.TestExecution">
    <ignored/>
  </testcase> <!-- employeeCreationWithValidData -->
  <testcase name="employeeCreationWithBlankData" time="0.0" classname="in.srssprojects.keximbank.TestExecution">
    <ignored/>
  </testcase> <!-- employeeCreationWithBlankData -->
  <testcase name="roleCreationResetWithMultipleDataWithoutDP" time="0.0" classname="in.srssprojects.keximbank.TestExecution">
    <ignored/>
  </testcase> <!-- roleCreationResetWithMultipleDataWithoutDP -->
  <testcase name="roleCreationWithBlankData" time="0.0" classname="in.srssprojects.keximbank.TestExecution">
    <ignored/>
  </testcase> <!-- roleCreationWithBlankData -->
  <testcase name="employeeCreationResetWithDP" time="0.0" classname="in.srssprojects.keximbank.TestExecution">
    <ignored/>
  </testcase> <!-- employeeCreationResetWithDP -->
  <testcase name="roleCreatoinReset" time="0.0" classname="in.srssprojects.keximbank.TestExecution">
    <ignored/>
  </testcase> <!-- roleCreatoinReset -->
  <testcase name="roleCreationWithValidData" time="0.0" classname="in.srssprojects.keximbank.TestExecution">
    <ignored/>
  </testcase> <!-- roleCreationWithValidData -->
  <testcase name="employeeCreationWithDuplicateData" time="0.0" classname="in.srssprojects.keximbank.TestExecution">
    <ignored/>
  </testcase> <!-- employeeCreationWithDuplicateData -->
  <testcase name="roleCreationWithDuplicateData" time="0.0" classname="in.srssprojects.keximbank.TestExecution">
    <ignored/>
  </testcase> <!-- roleCreationWithDuplicateData -->
  <testcase name="employeeCreationReset" time="0.0" classname="in.srssprojects.keximbank.TestExecution">
    <ignored/>
  </testcase> <!-- employeeCreationReset -->
</testsuite> <!-- firefox test -->
