<?xml version="1.0" encoding="UTF-8"?>
<testng-results skipped="0" failed="0" ignored="10" total="13" passed="3">
  <reporter-output>
  </reporter-output>
  <suite name="basic suite" duration-ms="16354" started-at="2019-06-09T03:13:33Z" finished-at="2019-06-09T03:13:49Z">
    <groups>
      <group name="valid">
        <method signature="TestExecution.loginTest()[pri:1, instance:in.srssprojects.keximbank.BasicExecution@35fb3008]" name="loginTest" class="in.srssprojects.keximbank.TestExecution"/>
      </group> <!-- valid -->
      <group name="cancel">
        <method signature="TestExecution.loginTest()[pri:1, instance:in.srssprojects.keximbank.BasicExecution@35fb3008]" name="loginTest" class="in.srssprojects.keximbank.TestExecution"/>
        <method signature="TestExecution.roleCreationCancel()[pri:5, instance:in.srssprojects.keximbank.BasicExecution@35fb3008]" name="roleCreationCancel" class="in.srssprojects.keximbank.TestExecution"/>
      </group> <!-- cancel -->
      <group name="datadriven">
        <method signature="TestExecution.loginTest()[pri:1, instance:in.srssprojects.keximbank.BasicExecution@35fb3008]" name="loginTest" class="in.srssprojects.keximbank.TestExecution"/>
      </group> <!-- datadriven -->
      <group name="role">
        <method signature="TestExecution.loginTest()[pri:1, instance:in.srssprojects.keximbank.BasicExecution@35fb3008]" name="loginTest" class="in.srssprojects.keximbank.TestExecution"/>
        <method signature="TestExecution.roleCreationCancel()[pri:5, instance:in.srssprojects.keximbank.BasicExecution@35fb3008]" name="roleCreationCancel" class="in.srssprojects.keximbank.TestExecution"/>
        <method signature="TestExecution.roleCreatoinReset()[pri:4, instance:in.srssprojects.keximbank.BasicExecution@35fb3008]" name="roleCreatoinReset" class="in.srssprojects.keximbank.TestExecution"/>
      </group> <!-- role -->
      <group name="blank">
        <method signature="TestExecution.loginTest()[pri:1, instance:in.srssprojects.keximbank.BasicExecution@35fb3008]" name="loginTest" class="in.srssprojects.keximbank.TestExecution"/>
      </group> <!-- blank -->
      <group name="reset">
        <method signature="TestExecution.loginTest()[pri:1, instance:in.srssprojects.keximbank.BasicExecution@35fb3008]" name="loginTest" class="in.srssprojects.keximbank.TestExecution"/>
        <method signature="TestExecution.roleCreatoinReset()[pri:4, instance:in.srssprojects.keximbank.BasicExecution@35fb3008]" name="roleCreatoinReset" class="in.srssprojects.keximbank.TestExecution"/>
      </group> <!-- reset -->
      <group name="duplicate">
        <method signature="TestExecution.loginTest()[pri:1, instance:in.srssprojects.keximbank.BasicExecution@35fb3008]" name="loginTest" class="in.srssprojects.keximbank.TestExecution"/>
      </group> <!-- duplicate -->
      <group name="employee">
        <method signature="TestExecution.loginTest()[pri:1, instance:in.srssprojects.keximbank.BasicExecution@35fb3008]" name="loginTest" class="in.srssprojects.keximbank.TestExecution"/>
      </group> <!-- employee -->
    </groups>
    <test name="basic test" duration-ms="16354" started-at="2019-06-09T03:13:33Z" finished-at="2019-06-09T03:13:49Z">
      <class name="in.srssprojects.keximbank.BasicExecution">
        <test-method status="PASS" signature="launchBrowser()[pri:0, instance:in.srssprojects.keximbank.BasicExecution@35fb3008]" name="launchBrowser" is-config="true" duration-ms="9421" started-at="2019-06-09T03:13:33Z" finished-at="2019-06-09T03:13:42Z">
          <reporter-output>
          </reporter-output>
        </test-method> <!-- launchBrowser -->
        <test-method status="PASS" signature="loginTest()[pri:1, instance:in.srssprojects.keximbank.BasicExecution@35fb3008]" name="loginTest" duration-ms="2520" started-at="2019-06-09T03:13:42Z" finished-at="2019-06-09T03:13:45Z">
          <reporter-output>
          </reporter-output>
        </test-method> <!-- loginTest -->
        <test-method status="PASS" signature="roleCreatoinReset()[pri:4, instance:in.srssprojects.keximbank.BasicExecution@35fb3008]" name="roleCreatoinReset" duration-ms="2467" started-at="2019-06-09T03:13:45Z" finished-at="2019-06-09T03:13:47Z">
          <reporter-output>
          </reporter-output>
        </test-method> <!-- roleCreatoinReset -->
        <test-method status="PASS" signature="roleCreationCancel()[pri:5, instance:in.srssprojects.keximbank.BasicExecution@35fb3008]" name="roleCreationCancel" duration-ms="1674" started-at="2019-06-09T03:13:47Z" finished-at="2019-06-09T03:13:49Z">
          <reporter-output>
          </reporter-output>
        </test-method> <!-- roleCreationCancel -->
        <test-method status="PASS" signature="browserClose()[pri:0, instance:in.srssprojects.keximbank.BasicExecution@35fb3008]" name="browserClose" is-config="true" duration-ms="253" started-at="2019-06-09T03:13:49Z" finished-at="2019-06-09T03:13:49Z">
          <reporter-output>
          </reporter-output>
        </test-method> <!-- browserClose -->
      </class> <!-- in.srssprojects.keximbank.BasicExecution -->
    </test> <!-- basic test -->
  </suite> <!-- basic suite -->
</testng-results>
