<?xml version="1.0" encoding="UTF-8"?>
<testng-results skipped="0" failed="0" ignored="20" total="26" passed="6">
  <reporter-output>
  </reporter-output>
  <suite name="parallel suite" duration-ms="30120" started-at="2019-06-09T02:41:38Z" finished-at="2019-06-09T02:42:08Z">
    <groups>
      <group name="valid">
        <method signature="TestExecution.loginTest()[pri:1, instance:in.srssprojects.keximbank.ParameterExecution@36f6e879]" name="loginTest" class="in.srssprojects.keximbank.TestExecution"/>
        <method signature="TestExecution.loginTest()[pri:1, instance:in.srssprojects.keximbank.ParameterExecution@2669b199]" name="loginTest" class="in.srssprojects.keximbank.TestExecution"/>
      </group> <!-- valid -->
      <group name="cancel">
        <method signature="TestExecution.loginTest()[pri:1, instance:in.srssprojects.keximbank.ParameterExecution@36f6e879]" name="loginTest" class="in.srssprojects.keximbank.TestExecution"/>
        <method signature="TestExecution.employeeCreationCancel()[pri:16, instance:in.srssprojects.keximbank.ParameterExecution@2669b199]" name="employeeCreationCancel" class="in.srssprojects.keximbank.TestExecution"/>
        <method signature="TestExecution.loginTest()[pri:1, instance:in.srssprojects.keximbank.ParameterExecution@2669b199]" name="loginTest" class="in.srssprojects.keximbank.TestExecution"/>
        <method signature="TestExecution.roleCreationCancel()[pri:5, instance:in.srssprojects.keximbank.ParameterExecution@2669b199]" name="roleCreationCancel" class="in.srssprojects.keximbank.TestExecution"/>
      </group> <!-- cancel -->
      <group name="datadriven">
        <method signature="TestExecution.loginTest()[pri:1, instance:in.srssprojects.keximbank.ParameterExecution@36f6e879]" name="loginTest" class="in.srssprojects.keximbank.TestExecution"/>
        <method signature="TestExecution.loginTest()[pri:1, instance:in.srssprojects.keximbank.ParameterExecution@2669b199]" name="loginTest" class="in.srssprojects.keximbank.TestExecution"/>
      </group> <!-- datadriven -->
      <group name="role">
        <method signature="TestExecution.loginTest()[pri:1, instance:in.srssprojects.keximbank.ParameterExecution@36f6e879]" name="loginTest" class="in.srssprojects.keximbank.TestExecution"/>
        <method signature="TestExecution.roleCreatoinReset()[pri:4, instance:in.srssprojects.keximbank.ParameterExecution@36f6e879]" name="roleCreatoinReset" class="in.srssprojects.keximbank.TestExecution"/>
        <method signature="TestExecution.loginTest()[pri:1, instance:in.srssprojects.keximbank.ParameterExecution@2669b199]" name="loginTest" class="in.srssprojects.keximbank.TestExecution"/>
        <method signature="TestExecution.roleCreationCancel()[pri:5, instance:in.srssprojects.keximbank.ParameterExecution@2669b199]" name="roleCreationCancel" class="in.srssprojects.keximbank.TestExecution"/>
      </group> <!-- role -->
      <group name="blank">
        <method signature="TestExecution.loginTest()[pri:1, instance:in.srssprojects.keximbank.ParameterExecution@36f6e879]" name="loginTest" class="in.srssprojects.keximbank.TestExecution"/>
        <method signature="TestExecution.loginTest()[pri:1, instance:in.srssprojects.keximbank.ParameterExecution@2669b199]" name="loginTest" class="in.srssprojects.keximbank.TestExecution"/>
      </group> <!-- blank -->
      <group name="reset">
        <method signature="TestExecution.employeeCreationReset()[pri:15, instance:in.srssprojects.keximbank.ParameterExecution@36f6e879]" name="employeeCreationReset" class="in.srssprojects.keximbank.TestExecution"/>
        <method signature="TestExecution.loginTest()[pri:1, instance:in.srssprojects.keximbank.ParameterExecution@36f6e879]" name="loginTest" class="in.srssprojects.keximbank.TestExecution"/>
        <method signature="TestExecution.roleCreatoinReset()[pri:4, instance:in.srssprojects.keximbank.ParameterExecution@36f6e879]" name="roleCreatoinReset" class="in.srssprojects.keximbank.TestExecution"/>
        <method signature="TestExecution.loginTest()[pri:1, instance:in.srssprojects.keximbank.ParameterExecution@2669b199]" name="loginTest" class="in.srssprojects.keximbank.TestExecution"/>
      </group> <!-- reset -->
      <group name="duplicate">
        <method signature="TestExecution.loginTest()[pri:1, instance:in.srssprojects.keximbank.ParameterExecution@36f6e879]" name="loginTest" class="in.srssprojects.keximbank.TestExecution"/>
        <method signature="TestExecution.loginTest()[pri:1, instance:in.srssprojects.keximbank.ParameterExecution@2669b199]" name="loginTest" class="in.srssprojects.keximbank.TestExecution"/>
      </group> <!-- duplicate -->
      <group name="employee">
        <method signature="TestExecution.employeeCreationReset()[pri:15, instance:in.srssprojects.keximbank.ParameterExecution@36f6e879]" name="employeeCreationReset" class="in.srssprojects.keximbank.TestExecution"/>
        <method signature="TestExecution.loginTest()[pri:1, instance:in.srssprojects.keximbank.ParameterExecution@36f6e879]" name="loginTest" class="in.srssprojects.keximbank.TestExecution"/>
        <method signature="TestExecution.employeeCreationCancel()[pri:16, instance:in.srssprojects.keximbank.ParameterExecution@2669b199]" name="employeeCreationCancel" class="in.srssprojects.keximbank.TestExecution"/>
        <method signature="TestExecution.loginTest()[pri:1, instance:in.srssprojects.keximbank.ParameterExecution@2669b199]" name="loginTest" class="in.srssprojects.keximbank.TestExecution"/>
      </group> <!-- employee -->
    </groups>
    <test name="firefox test" duration-ms="28502" started-at="2019-06-09T02:41:38Z" finished-at="2019-06-09T02:42:07Z">
      <class name="in.srssprojects.keximbank.ParameterExecution">
        <test-method status="PASS" signature="browserLaunch(java.lang.String, java.lang.String)[pri:0, instance:in.srssprojects.keximbank.ParameterExecution@2669b199]" name="browserLaunch" is-config="true" duration-ms="16771" started-at="2019-06-09T02:41:38Z" finished-at="2019-06-09T02:41:55Z">
          <params>
            <param index="0">
              <value>
                <![CDATA[firefox]]>
              </value>
            </param>
            <param index="1">
              <value>
                <![CDATA[http://srssprojects.in]]>
              </value>
            </param>
          </params>
          <reporter-output>
          </reporter-output>
        </test-method> <!-- browserLaunch -->
        <test-method status="PASS" signature="loginTest()[pri:1, instance:in.srssprojects.keximbank.ParameterExecution@2669b199]" name="loginTest" duration-ms="2391" started-at="2019-06-09T02:41:55Z" finished-at="2019-06-09T02:41:57Z">
          <reporter-output>
          </reporter-output>
        </test-method> <!-- loginTest -->
        <test-method status="PASS" signature="roleCreationCancel()[pri:5, instance:in.srssprojects.keximbank.ParameterExecution@2669b199]" name="roleCreationCancel" duration-ms="2539" started-at="2019-06-09T02:41:57Z" finished-at="2019-06-09T02:42:00Z">
          <reporter-output>
          </reporter-output>
        </test-method> <!-- roleCreationCancel -->
        <test-method status="PASS" signature="employeeCreationCancel()[pri:16, instance:in.srssprojects.keximbank.ParameterExecution@2669b199]" name="employeeCreationCancel" duration-ms="3806" started-at="2019-06-09T02:42:00Z" finished-at="2019-06-09T02:42:04Z">
          <reporter-output>
          </reporter-output>
        </test-method> <!-- employeeCreationCancel -->
        <test-method status="PASS" signature="browserClose()[pri:0, instance:in.srssprojects.keximbank.ParameterExecution@2669b199]" name="browserClose" is-config="true" duration-ms="2975" started-at="2019-06-09T02:42:04Z" finished-at="2019-06-09T02:42:07Z">
          <reporter-output>
          </reporter-output>
        </test-method> <!-- browserClose -->
      </class> <!-- in.srssprojects.keximbank.ParameterExecution -->
    </test> <!-- firefox test -->
    <test name="chrome test" duration-ms="30120" started-at="2019-06-09T02:41:38Z" finished-at="2019-06-09T02:42:08Z">
      <class name="in.srssprojects.keximbank.ParameterExecution">
        <test-method status="PASS" signature="browserLaunch(java.lang.String, java.lang.String)[pri:0, instance:in.srssprojects.keximbank.ParameterExecution@36f6e879]" name="browserLaunch" is-config="true" duration-ms="14280" started-at="2019-06-09T02:41:38Z" finished-at="2019-06-09T02:41:52Z">
          <params>
            <param index="0">
              <value>
                <![CDATA[chrome]]>
              </value>
            </param>
            <param index="1">
              <value>
                <![CDATA[http://srssprojects.in]]>
              </value>
            </param>
          </params>
          <reporter-output>
          </reporter-output>
        </test-method> <!-- browserLaunch -->
        <test-method status="PASS" signature="loginTest()[pri:1, instance:in.srssprojects.keximbank.ParameterExecution@36f6e879]" name="loginTest" duration-ms="3874" started-at="2019-06-09T02:41:52Z" finished-at="2019-06-09T02:41:56Z">
          <reporter-output>
          </reporter-output>
        </test-method> <!-- loginTest -->
        <test-method status="PASS" signature="roleCreatoinReset()[pri:4, instance:in.srssprojects.keximbank.ParameterExecution@36f6e879]" name="roleCreatoinReset" duration-ms="2791" started-at="2019-06-09T02:41:56Z" finished-at="2019-06-09T02:41:59Z">
          <reporter-output>
          </reporter-output>
        </test-method> <!-- roleCreatoinReset -->
        <test-method status="PASS" signature="employeeCreationReset()[pri:15, instance:in.srssprojects.keximbank.ParameterExecution@36f6e879]" name="employeeCreationReset" duration-ms="8830" started-at="2019-06-09T02:41:59Z" finished-at="2019-06-09T02:42:08Z">
          <reporter-output>
          </reporter-output>
        </test-method> <!-- employeeCreationReset -->
        <test-method status="PASS" signature="browserClose()[pri:0, instance:in.srssprojects.keximbank.ParameterExecution@36f6e879]" name="browserClose" is-config="true" duration-ms="309" started-at="2019-06-09T02:42:08Z" finished-at="2019-06-09T02:42:08Z">
          <reporter-output>
          </reporter-output>
        </test-method> <!-- browserClose -->
      </class> <!-- in.srssprojects.keximbank.ParameterExecution -->
    </test> <!-- chrome test -->
  </suite> <!-- parallel suite -->
</testng-results>
